<?xml version="1.0" encoding="UTF-8"?>
<!-- Generated by org.testng.reporters.JUnitReportReporter -->
<testsuite skipped="0" hostname="LAPTOP-NA2LMEKS" name="tests.AppTest" tests="1" failures="0" timestamp="2023-05-27T12:46:57 IST" time="32.940" errors="0">
  <testcase name="testApp" time="32.940" classname="tests.AppTest"/>
  <system-out>
    <![CDATA[<a href='D:\AppiumTest\Extent Reports\Passed Screenshots\testApp.png'><img src ='D:\AppiumTest\Extent Reports\Passed Screenshots\testApp.png' width='200' height='200'></a>]]>
  </system-out>
</testsuite> <!-- tests.AppTest -->
